<?xml version="1.0" encoding="UTF-8"?>
<coverage generated="1701483802926" clover="3.2.0">
  <project timestamp="1701483802926" name="All files">
    <metrics statements="36" coveredstatements="25" conditionals="13" coveredconditionals="9" methods="9" coveredmethods="7" elements="58" coveredelements="41" complexity="0" loc="36" ncloc="36" packages="1" files="6" classes="6"/>
    <file name="App.js" path="/home/ramu/Desktop/NPCI/react-testing-demo/src/App.js">
      <metrics statements="1" coveredstatements="1" conditionals="0" coveredconditionals="0" methods="1" coveredmethods="1"/>
      <line num="9" count="1" type="stmt"/>
    </file>
    <file name="Counter.js" path="/home/ramu/Desktop/NPCI/react-testing-demo/src/Counter.js">
      <metrics statements="3" coveredstatements="3" conditionals="0" coveredconditionals="0" methods="2" coveredmethods="2"/>
      <line num="4" count="8" type="stmt"/>
      <line num="5" count="8" type="stmt"/>
      <line num="8" count="3" type="stmt"/>
    </file>
    <file name="Greeting.js" path="/home/ramu/Desktop/NPCI/react-testing-demo/src/Greeting.js">
      <metrics statements="2" coveredstatements="2" conditionals="1" coveredconditionals="1" methods="1" coveredmethods="1"/>
      <line num="3" count="3" type="cond" truecount="1" falsecount="0"/>
      <line num="4" count="4" type="stmt"/>
    </file>
    <file name="UserFetcher.js" path="/home/ramu/Desktop/NPCI/react-testing-demo/src/UserFetcher.js">
      <metrics statements="19" coveredstatements="19" conditionals="8" coveredconditionals="8" methods="3" coveredmethods="3"/>
      <line num="7" count="10" type="stmt"/>
      <line num="8" count="10" type="stmt"/>
      <line num="9" count="10" type="stmt"/>
      <line num="11" count="10" type="stmt"/>
      <line num="12" count="4" type="stmt"/>
      <line num="13" count="4" type="stmt"/>
      <line num="14" count="4" type="stmt"/>
      <line num="16" count="4" type="stmt"/>
      <line num="17" count="2" type="cond" truecount="2" falsecount="0"/>
      <line num="18" count="1" type="stmt"/>
      <line num="19" count="1" type="stmt"/>
      <line num="20" count="1" type="stmt"/>
      <line num="23" count="2" type="stmt"/>
      <line num="25" count="3" type="stmt"/>
      <line num="28" count="4" type="stmt"/>
      <line num="32" count="10" type="cond" truecount="2" falsecount="0"/>
      <line num="33" count="6" type="cond" truecount="2" falsecount="0"/>
      <line num="34" count="5" type="cond" truecount="2" falsecount="0"/>
      <line num="36" count="1" type="stmt"/>
    </file>
    <file name="index.js" path="/home/ramu/Desktop/NPCI/react-testing-demo/src/index.js">
      <metrics statements="3" coveredstatements="0" conditionals="0" coveredconditionals="0" methods="0" coveredmethods="0"/>
      <line num="7" count="0" type="stmt"/>
      <line num="8" count="0" type="stmt"/>
      <line num="17" count="0" type="stmt"/>
    </file>
    <file name="reportWebVitals.js" path="/home/ramu/Desktop/NPCI/react-testing-demo/src/reportWebVitals.js">
      <metrics statements="8" coveredstatements="0" conditionals="4" coveredconditionals="0" methods="2" coveredmethods="0"/>
      <line num="1" count="0" type="stmt"/>
      <line num="2" count="0" type="cond" truecount="0" falsecount="4"/>
      <line num="3" count="0" type="stmt"/>
      <line num="4" count="0" type="stmt"/>
      <line num="5" count="0" type="stmt"/>
      <line num="6" count="0" type="stmt"/>
      <line num="7" count="0" type="stmt"/>
      <line num="8" count="0" type="stmt"/>
    </file>
  </project>
</coverage>
