{"/home/ramu/Desktop/NPCI/react-testing-demo/src/App.js": {"path":"/home/ramu/Desktop/NPCI/react-testing-demo/src/App.js","statementMap":{"0":{"start":{"line":9,"column":2},"end":{"line":16,"column":4}}},"fnMap":{"0":{"name":"App","decl":{"start":{"line":8,"column":9},"end":{"line":8,"column":12}},"loc":{"start":{"line":8,"column":15},"end":{"line":17,"column":1}},"line":8}},"branchMap":{},"s":{"0":1},"f":{"0":1},"b":{},"_coverageSchema":"1a1c01bbd47fc00a2c39e90264f33305004495a9","hash":"493d959dead07b7984c8cbb256cf31379adc39af"}
,"/home/ramu/Desktop/NPCI/react-testing-demo/src/Counter.js": {"path":"/home/ramu/Desktop/NPCI/react-testing-demo/src/Counter.js","statementMap":{"0":{"start":{"line":4,"column":30},"end":{"line":4,"column":41}},"1":{"start":{"line":5,"column":2},"end":{"line":10,"column":3}},"2":{"start":{"line":8,"column":29},"end":{"line":8,"column":46}}},"fnMap":{"0":{"name":"Counter","decl":{"start":{"line":3,"column":9},"end":{"line":3,"column":16}},"loc":{"start":{"line":3,"column":19},"end":{"line":11,"column":1}},"line":3},"1":{"name":"(anonymous_1)","decl":{"start":{"line":8,"column":25},"end":{"line":8,"column":26}},"loc":{"start":{"line":8,"column":29},"end":{"line":8,"column":46}},"line":8}},"branchMap":{},"s":{"0":8,"1":8,"2":3},"f":{"0":8,"1":3},"b":{},"_coverageSchema":"1a1c01bbd47fc00a2c39e90264f33305004495a9","hash":"4722e34be0c60b52a9e5681dbaa2a481d5bfcdf7"}
,"/home/ramu/Desktop/NPCI/react-testing-demo/src/Greeting.js": {"path":"/home/ramu/Desktop/NPCI/react-testing-demo/src/Greeting.js","statementMap":{"0":{"start":{"line":3,"column":24},"end":{"line":9,"column":1}},"1":{"start":{"line":4,"column":2},"end":{"line":8,"column":3}}},"fnMap":{"0":{"name":"(anonymous_0)","decl":{"start":{"line":3,"column":24},"end":{"line":3,"column":25}},"loc":{"start":{"line":3,"column":46},"end":{"line":9,"column":1}},"line":3}},"branchMap":{"0":{"loc":{"start":{"line":3,"column":26},"end":{"line":3,"column":40}},"type":"default-arg","locations":[{"start":{"line":3,"column":33},"end":{"line":3,"column":40}}],"line":3}},"s":{"0":3,"1":4},"f":{"0":4},"b":{"0":[1]},"_coverageSchema":"1a1c01bbd47fc00a2c39e90264f33305004495a9","hash":"4f3b9c0b889a5bb3ab58359a471a2bef7086e628"}
,"/home/ramu/Desktop/NPCI/react-testing-demo/src/UserFetcher.js": {"path":"/home/ramu/Desktop/NPCI/react-testing-demo/src/UserFetcher.js","statementMap":{"0":{"start":{"line":7,"column":27},"end":{"line":7,"column":41}},"1":{"start":{"line":8,"column":34},"end":{"line":8,"column":49}},"2":{"start":{"line":9,"column":29},"end":{"line":9,"column":43}},"3":{"start":{"line":11,"column":4},"end":{"line":29,"column":16}},"4":{"start":{"line":12,"column":26},"end":{"line":27,"column":9}},"5":{"start":{"line":13,"column":12},"end":{"line":13,"column":28}},"6":{"start":{"line":14,"column":12},"end":{"line":26,"column":13}},"7":{"start":{"line":16,"column":33},"end":{"line":16,"column":100}},"8":{"start":{"line":17,"column":16},"end":{"line":17,"column":73}},"9":{"start":{"line":17,"column":34},"end":{"line":17,"column":73}},"10":{"start":{"line":18,"column":29},"end":{"line":18,"column":50}},"11":{"start":{"line":19,"column":16},"end":{"line":19,"column":29}},"12":{"start":{"line":20,"column":16},"end":{"line":20,"column":30}},"13":{"start":{"line":23,"column":16},"end":{"line":23,"column":37}},"14":{"start":{"line":25,"column":16},"end":{"line":25,"column":33}},"15":{"start":{"line":28,"column":8},"end":{"line":28,"column":19}},"16":{"start":{"line":32,"column":4},"end":{"line":32,"column":45}},"17":{"start":{"line":32,"column":17},"end":{"line":32,"column":45}},"18":{"start":{"line":33,"column":4},"end":{"line":33,"column":47}},"19":{"start":{"line":33,"column":15},"end":{"line":33,"column":47}},"20":{"start":{"line":34,"column":4},"end":{"line":34,"column":45}},"21":{"start":{"line":34,"column":15},"end":{"line":34,"column":45}},"22":{"start":{"line":36,"column":2},"end":{"line":38,"column":3}}},"fnMap":{"0":{"name":"UserFetcher","decl":{"start":{"line":5,"column":9},"end":{"line":5,"column":20}},"loc":{"start":{"line":5,"column":31},"end":{"line":39,"column":1}},"line":5},"1":{"name":"(anonymous_1)","decl":{"start":{"line":11,"column":14},"end":{"line":11,"column":15}},"loc":{"start":{"line":11,"column":19},"end":{"line":29,"column":5}},"line":11},"2":{"name":"(anonymous_2)","decl":{"start":{"line":12,"column":26},"end":{"line":12,"column":27}},"loc":{"start":{"line":12,"column":38},"end":{"line":27,"column":9}},"line":12}},"branchMap":{"0":{"loc":{"start":{"line":17,"column":16},"end":{"line":17,"column":73}},"type":"if","locations":[{"start":{"line":17,"column":16},"end":{"line":17,"column":73}},{"start":{},"end":{}}],"line":17},"1":{"loc":{"start":{"line":32,"column":4},"end":{"line":32,"column":45}},"type":"if","locations":[{"start":{"line":32,"column":4},"end":{"line":32,"column":45}},{"start":{},"end":{}}],"line":32},"2":{"loc":{"start":{"line":33,"column":4},"end":{"line":33,"column":47}},"type":"if","locations":[{"start":{"line":33,"column":4},"end":{"line":33,"column":47}},{"start":{},"end":{}}],"line":33},"3":{"loc":{"start":{"line":34,"column":4},"end":{"line":34,"column":45}},"type":"if","locations":[{"start":{"line":34,"column":4},"end":{"line":34,"column":45}},{"start":{},"end":{}}],"line":34}},"s":{"0":10,"1":10,"2":10,"3":10,"4":4,"5":4,"6":4,"7":4,"8":2,"9":1,"10":1,"11":1,"12":1,"13":2,"14":3,"15":4,"16":10,"17":4,"18":6,"19":1,"20":5,"21":4,"22":1},"f":{"0":10,"1":4,"2":4},"b":{"0":[1,1],"1":[4,6],"2":[1,5],"3":[4,1]},"_coverageSchema":"1a1c01bbd47fc00a2c39e90264f33305004495a9","hash":"641bad187b9d8f18ab412a8f6fb50f2b664c1d4f"}
,"/home/ramu/Desktop/NPCI/react-testing-demo/src/index.js": {"path":"/home/ramu/Desktop/NPCI/react-testing-demo/src/index.js","statementMap":{"0":{"start":{"line":7,"column":13},"end":{"line":7,"column":65}},"1":{"start":{"line":8,"column":0},"end":{"line":12,"column":2}},"2":{"start":{"line":17,"column":0},"end":{"line":17,"column":18}}},"fnMap":{},"branchMap":{},"s":{"0":0,"1":0,"2":0},"f":{},"b":{}}
,"/home/ramu/Desktop/NPCI/react-testing-demo/src/reportWebVitals.js": {"path":"/home/ramu/Desktop/NPCI/react-testing-demo/src/reportWebVitals.js","statementMap":{"0":{"start":{"line":1,"column":24},"end":{"line":11,"column":1}},"1":{"start":{"line":2,"column":2},"end":{"line":10,"column":3}},"2":{"start":{"line":3,"column":4},"end":{"line":9,"column":7}},"3":{"start":{"line":4,"column":6},"end":{"line":4,"column":26}},"4":{"start":{"line":5,"column":6},"end":{"line":5,"column":26}},"5":{"start":{"line":6,"column":6},"end":{"line":6,"column":26}},"6":{"start":{"line":7,"column":6},"end":{"line":7,"column":26}},"7":{"start":{"line":8,"column":6},"end":{"line":8,"column":27}}},"fnMap":{"0":{"name":"(anonymous_0)","decl":{"start":{"line":1,"column":24},"end":{"line":1,"column":25}},"loc":{"start":{"line":1,"column":39},"end":{"line":11,"column":1}},"line":1},"1":{"name":"(anonymous_1)","decl":{"start":{"line":3,"column":30},"end":{"line":3,"column":31}},"loc":{"start":{"line":3,"column":79},"end":{"line":9,"column":5}},"line":3}},"branchMap":{"0":{"loc":{"start":{"line":2,"column":2},"end":{"line":10,"column":3}},"type":"if","locations":[{"start":{"line":2,"column":2},"end":{"line":10,"column":3}},{"start":{},"end":{}}],"line":2},"1":{"loc":{"start":{"line":2,"column":6},"end":{"line":2,"column":52}},"type":"binary-expr","locations":[{"start":{"line":2,"column":6},"end":{"line":2,"column":17}},{"start":{"line":2,"column":21},"end":{"line":2,"column":52}}],"line":2}},"s":{"0":0,"1":0,"2":0,"3":0,"4":0,"5":0,"6":0,"7":0},"f":{"0":0,"1":0},"b":{"0":[0,0],"1":[0,0]}}
}
