TN:
SF:src/App.js
FN:8,App
FNF:1
FNH:1
FNDA:1,App
DA:9,1
LF:1
LH:1
BRF:0
BRH:0
end_of_record
TN:
SF:src/Counter.js
FN:3,Counter
FN:8,(anonymous_1)
FNF:2
FNH:2
FNDA:8,Counter
FNDA:3,(anonymous_1)
DA:4,8
DA:5,8
DA:8,3
LF:3
LH:3
BRF:0
BRH:0
end_of_record
TN:
SF:src/Greeting.js
FN:3,(anonymous_0)
FNF:1
FNH:1
FNDA:4,(anonymous_0)
DA:3,3
DA:4,4
LF:2
LH:2
BRDA:3,0,0,1
BRF:1
BRH:1
end_of_record
TN:
SF:src/UserFetcher.js
FN:5,UserFetcher
FN:11,(anonymous_1)
FN:12,(anonymous_2)
FNF:3
FNH:3
FNDA:10,UserFetcher
FNDA:4,(anonymous_1)
FNDA:4,(anonymous_2)
DA:7,10
DA:8,10
DA:9,10
DA:11,10
DA:12,4
DA:13,4
DA:14,4
DA:16,4
DA:17,2
DA:18,1
DA:19,1
DA:20,1
DA:23,2
DA:25,3
DA:28,4
DA:32,10
DA:33,6
DA:34,5
DA:36,1
LF:19
LH:19
BRDA:17,0,0,1
BRDA:17,0,1,1
BRDA:32,1,0,4
BRDA:32,1,1,6
BRDA:33,2,0,1
BRDA:33,2,1,5
BRDA:34,3,0,4
BRDA:34,3,1,1
BRF:8
BRH:8
end_of_record
TN:
SF:src/index.js
FNF:0
FNH:0
DA:7,0
DA:8,0
DA:17,0
LF:3
LH:0
BRF:0
BRH:0
end_of_record
TN:
SF:src/reportWebVitals.js
FN:1,(anonymous_0)
FN:3,(anonymous_1)
FNF:2
FNH:0
FNDA:0,(anonymous_0)
FNDA:0,(anonymous_1)
DA:1,0
DA:2,0
DA:3,0
DA:4,0
DA:5,0
DA:6,0
DA:7,0
DA:8,0
LF:8
LH:0
BRDA:2,0,0,0
BRDA:2,0,1,0
BRDA:2,1,0,0
BRDA:2,1,1,0
BRF:4
BRH:0
end_of_record
